<?xml version="1.0" encoding="UTF-8"?>
<!-- Generated by org.testng.reporters.JUnitReportReporter -->
<testsuite skipped="0" hostname="DESKTOP-C65KOLI" name="com.inetbanking.testCases.TC_001_LoginTest" tests="1" failures="0" timestamp="2019-12-25T18:04:50 IST" time="9.217" errors="0">
  <testcase name="loginTest" time="9.217" classname="com.inetbanking.testCases.TC_001_LoginTest"/>
</testsuite> <!-- com.inetbanking.testCases.TC_001_LoginTest -->
