<?xml version="1.0" encoding="UTF-8"?>
<!-- Generated by org.testng.reporters.JUnitReportReporter -->
<testsuite skipped="0" hostname="DESKTOP-C65KOLI" name="com.inetbanking.testCases.TC_001_LoginTest" tests="1" failures="0" timestamp="25 Dec 2019 22:52:45 GMT" time="10.052" errors="0">
  <testcase name="loginTest" time="10.052" classname="com.inetbanking.testCases.TC_001_LoginTest"/>
</testsuite> <!-- com.inetbanking.testCases.TC_001_LoginTest -->
